# JRE version: OpenJDK Runtime Environment Temurin-17.0.14+7 (17.0.14+7) (build 17.0.14+7)
# Java VM: OpenJDK 64-Bit Server VM Temurin-17.0.14+7 (17.0.14+7, mixed mode, sharing, tiered, compressed oops, compressed class ptrs, g1 gc, linux-amd64)
GC Precious Log:
 CPUs: 4 total, 4 available
 Memory: 15839M
 Large Page Support: Disabled
 NUMA Support: Disabled
 Compressed Oops: Enabled (32-bit)
 Heap Region Size: 1M
 Heap Min Capacity: 256M
 Heap Initial Capacity: 256M
 Heap Max Capacity: 512M
 Pre-touch: Disabled
 Parallel Workers: 4
 Concurrent Workers: 1
 Concurrent Refinement Workers: 4
 Periodic GC: Disabled
Heap:
 garbage-first heap   total 460800K, used 355465K [0x00000000e0000000, 0x0000000100000000)
  region size 1024K, 141 young (144384K), 4 survivors (4096K)
 Metaspace       used 49543K, committed 50112K, reserved 393216K
  class space    used 6970K, committed 7232K, reserved 327680K
GC Heap History (20 events):
Event: 19,051 GC heap before
{Heap before GC invocations=19 (full 0):
 garbage-first heap   total 350208K, used 194992K [0x00000000e0000000, 0x0000000100000000)
  region size 1024K, 17 young (17408K), 12 survivors (12288K)
 Metaspace       used 49408K, committed 50048K, reserved 393216K
  class space    used 6967K, committed 7232K, reserved 327680K
}
Event: 19,094 GC heap after
{Heap after GC invocations=20 (full 0):
 garbage-first heap   total 350208K, used 192944K [0x00000000e0000000, 0x0000000100000000)
  region size 1024K, 3 young (3072K), 3 survivors (3072K)
 Metaspace       used 49408K, committed 50048K, reserved 393216K
  class space    used 6967K, committed 7232K, reserved 327680K
}
Event: 19,288 GC heap before
{Heap before GC invocations=20 (full 0):
 garbage-first heap   total 350208K, used 221616K [0x00000000e0000000, 0x0000000100000000)
  region size 1024K, 33 young (33792K), 3 survivors (3072K)
 Metaspace       used 49408K, committed 50048K, reserved 393216K
  class space    used 6967K, committed 7232K, reserved 327680K
}
Event: 19,316 GC heap after
{Heap after GC invocations=21 (full 0):
 garbage-first heap   total 350208K, used 198453K [0x00000000e0000000, 0x0000000100000000)
  region size 1024K, 9 young (9216K), 9 survivors (9216K)
 Metaspace       used 49408K, committed 50048K, reserved 393216K
  class space    used 6967K, committed 7232K, reserved 327680K
}
Event: 19,695 GC heap before
{Heap before GC invocations=21 (full 0):
 garbage-first heap   total 350208K, used 269109K [0x00000000e0000000, 0x0000000100000000)
  region size 1024K, 75 young (76800K), 9 survivors (9216K)
 Metaspace       used 49421K, committed 50048K, reserved 393216K
  class space    used 6967K, committed 7232K, reserved 327680K
}
Event: 19,755 GC heap after
{Heap after GC invocations=22 (full 0):
 garbage-first heap   total 350208K, used 222642K [0x00000000e0000000, 0x0000000100000000)
  region size 1024K, 10 young (10240K), 10 survivors (10240K)
 Metaspace       used 49421K, committed 50048K, reserved 393216K
  class space    used 6967K, committed 7232K, reserved 327680K
}
Event: 20,217 GC heap before
{Heap before GC invocations=22 (full 0):
 garbage-first heap   total 427008K, used 266674K [0x00000000e0000000, 0x0000000100000000)
  region size 1024K, 61 young (62464K), 10 survivors (10240K)
 Metaspace       used 49462K, committed 50048K, reserved 393216K
  class space    used 6967K, committed 7232K, reserved 327680K
}
Event: 20,279 GC heap after
{Heap after GC invocations=23 (full 0):
 garbage-first heap   total 427008K, used 228272K [0x00000000e0000000, 0x0000000100000000)
  region size 1024K, 8 young (8192K), 8 survivors (8192K)
 Metaspace       used 49462K, committed 50048K, reserved 393216K
  class space    used 6967K, committed 7232K, reserved 327680K
}
Event: 20,741 GC heap before
{Heap before GC invocations=24 (full 0):
 garbage-first heap   total 427008K, used 317360K [0x00000000e0000000, 0x0000000100000000)
  region size 1024K, 94 young (96256K), 8 survivors (8192K)
 Metaspace       used 49472K, committed 50048K, reserved 393216K
  class space    used 6967K, committed 7232K, reserved 327680K
}
Event: 20,788 GC heap after
{Heap after GC invocations=25 (full 0):
 garbage-first heap   total 427008K, used 249776K [0x00000000e0000000, 0x0000000100000000)
  region size 1024K, 12 young (12288K), 12 survivors (12288K)
 Metaspace       used 49472K, committed 50048K, reserved 393216K
  class space    used 6967K, committed 7232K, reserved 327680K
}
Event: 20,831 GC heap before
{Heap before GC invocations=25 (full 0):
 garbage-first heap   total 427008K, used 257968K [0x00000000e0000000, 0x0000000100000000)
  region size 1024K, 20 young (20480K), 12 survivors (12288K)
 Metaspace       used 49472K, committed 50048K, reserved 393216K
  class space    used 6967K, committed 7232K, reserved 327680K
}
Event: 20,898 GC heap after
{Heap after GC invocations=26 (full 0):
 garbage-first heap   total 460800K, used 219568K [0x00000000e0000000, 0x0000000100000000)
  region size 1024K, 2 young (2048K), 2 survivors (2048K)
 Metaspace       used 49472K, committed 50048K, reserved 393216K
  class space    used 6967K, committed 7232K, reserved 327680K
}
Event: 21,006 GC heap before
{Heap before GC invocations=26 (full 0):
 garbage-first heap   total 460800K, used 239024K [0x00000000e0000000, 0x0000000100000000)
  region size 1024K, 22 young (22528K), 2 survivors (2048K)
 Metaspace       used 49481K, committed 50048K, reserved 393216K
  class space    used 6967K, committed 7232K, reserved 327680K
}
Event: 21,051 GC heap after
{Heap after GC invocations=27 (full 0):
 garbage-first heap   total 460800K, used 213151K [0x00000000e0000000, 0x0000000100000000)
  region size 1024K, 1 young (1024K), 1 survivors (1024K)
 Metaspace       used 49481K, committed 50048K, reserved 393216K
  class space    used 6967K, committed 7232K, reserved 327680K
}
Event: 21,617 GC heap before
{Heap before GC invocations=27 (full 0):
 garbage-first heap   total 460800K, used 326815K [0x00000000e0000000, 0x0000000100000000)
  region size 1024K, 112 young (114688K), 1 survivors (1024K)
 Metaspace       used 49527K, committed 50112K, reserved 393216K
  class space    used 6968K, committed 7232K, reserved 327680K
}
Event: 21,626 GC heap after
{Heap after GC invocations=28 (full 0):
 garbage-first heap   total 460800K, used 213767K [0x00000000e0000000, 0x0000000100000000)
  region size 1024K, 2 young (2048K), 2 survivors (2048K)
 Metaspace       used 49527K, committed 50112K, reserved 393216K
  class space    used 6968K, committed 7232K, reserved 327680K
}
Event: 22,189 GC heap before
{Heap before GC invocations=28 (full 0):
 garbage-first heap   total 460800K, used 337671K [0x00000000e0000000, 0x0000000100000000)
  region size 1024K, 123 young (125952K), 2 survivors (2048K)
 Metaspace       used 49531K, committed 50112K, reserved 393216K
  class space    used 6968K, committed 7232K, reserved 327680K
}
Event: 22,205 GC heap after
{Heap after GC invocations=29 (full 0):
 garbage-first heap   total 460800K, used 215002K [0x00000000e0000000, 0x0000000100000000)
  region size 1024K, 3 young (3072K), 3 survivors (3072K)
 Metaspace       used 49531K, committed 50112K, reserved 393216K
  class space    used 6968K, committed 7232K, reserved 327680K
}
Event: 22,624 GC heap before
{Heap before GC invocations=29 (full 0):
 garbage-first heap   total 460800K, used 348122K [0x00000000e0000000, 0x0000000100000000)
  region size 1024K, 133 young (136192K), 3 survivors (3072K)
 Metaspace       used 49536K, committed 50112K, reserved 393216K
  class space    used 6968K, committed 7232K, reserved 327680K
}
Event: 22,637 GC heap after
{Heap after GC invocations=30 (full 0):
 garbage-first heap   total 460800K, used 216201K [0x00000000e0000000, 0x0000000100000000)
  region size 1024K, 4 young (4096K), 4 survivors (4096K)
 Metaspace       used 49536K, committed 50112K, reserved 393216K
  class space    used 6968K, committed 7232K, reserved 327680K
}

